<?xml version="1.0" encoding="UTF-8"?>
<!-- Generated by org.testng.reporters.JUnitXMLReporter -->
<testsuite hostname="Monalisa.local" ignored="0" name="Amazon UI Functional Testing " tests="1" failures="1" timestamp="29 May 2019 11:12:44 GMT" time="123.699" errors="0">
  <testcase name="AM_Login_001" time="24.329" classname="testScripts.AM_Login_001">
    <failure type="org.openqa.selenium.WebDriverException" message="[Exception... &amp;quot;Component returned failure code: 0x80004005 (NS_ERROR_FAILURE) [nsIDOMWindowUtils.sendMouseEvent]&amp;quot;  nsresult: &amp;quot;0x80004005 (NS_ERROR_FAILURE)&amp;quot;  location: &amp;quot;JS frame :: chrome://marionette/content/event.js :: event.synthesizeMouseAtPoint :: line 298&amp;quot;  data: no]
Build info: version: &amp;apos;3.141.5&amp;apos;, revision: &amp;apos;d54ebd709a&amp;apos;, time: &amp;apos;2018-11-06T11:42:16&amp;apos;
System info: host: &amp;apos;Monalisa.local&amp;apos;, ip: &amp;apos;fe80:0:0:0:847:e290:81f3:b32a%en0&amp;apos;, os.name: &amp;apos;Mac OS X&amp;apos;, os.arch: &amp;apos;x86_64&amp;apos;, os.version: &amp;apos;10.14.5&amp;apos;, java.version: &amp;apos;1.8.0_181&amp;apos;
Driver info: org.openqa.selenium.firefox.FirefoxDriver
Capabilities {acceptInsecureCerts: true, browserName: firefox, browserVersion: 61.0.1, javascriptEnabled: true, moz:accessibilityChecks: false, moz:headless: false, moz:processID: 26178, moz:profile: /var/folders/dp/9y4nq51j6v9..., moz:useNonSpecCompliantPointerOrigin: false, moz:webdriverClick: true, pageLoadStrategy: normal, platform: MAC, platformName: MAC, platformVersion: 18.6.0, rotatable: false, timeouts: {implicit: 0, pageLoad: 300000, script: 30000}}
Session ID: 7c71389b-fcac-804c-9727-16bdb02c504a">
      <![CDATA[org.openqa.selenium.WebDriverException: [Exception... "Component returned failure code: 0x80004005 (NS_ERROR_FAILURE) [nsIDOMWindowUtils.sendMouseEvent]"  nsresult: "0x80004005 (NS_ERROR_FAILURE)"  location: "JS frame :: chrome://marionette/content/event.js :: event.synthesizeMouseAtPoint :: line 298"  data: no]
Build info: version: '3.141.5', revision: 'd54ebd709a', time: '2018-11-06T11:42:16'
System info: host: 'Monalisa.local', ip: 'fe80:0:0:0:847:e290:81f3:b32a%en0', os.name: 'Mac OS X', os.arch: 'x86_64', os.version: '10.14.5', java.version: '1.8.0_181'
Driver info: org.openqa.selenium.firefox.FirefoxDriver
Capabilities {acceptInsecureCerts: true, browserName: firefox, browserVersion: 61.0.1, javascriptEnabled: true, moz:accessibilityChecks: false, moz:headless: false, moz:processID: 26178, moz:profile: /var/folders/dp/9y4nq51j6v9..., moz:useNonSpecCompliantPointerOrigin: false, moz:webdriverClick: true, pageLoadStrategy: normal, platform: MAC, platformName: MAC, platformVersion: 18.6.0, rotatable: false, timeouts: {implicit: 0, pageLoad: 300000, script: 30000}}
Session ID: 7c71389b-fcac-804c-9727-16bdb02c504a
at org.openqa.selenium.remote.http.W3CHttpResponseCodec.createException(W3CHttpResponseCodec.java:187)
at org.openqa.selenium.remote.http.W3CHttpResponseCodec.decode(W3CHttpResponseCodec.java:122)
at org.openqa.selenium.remote.http.W3CHttpResponseCodec.decode(W3CHttpResponseCodec.java:49)
at org.openqa.selenium.remote.HttpCommandExecutor.execute(HttpCommandExecutor.java:158)
at org.openqa.selenium.remote.service.DriverCommandExecutor.execute(DriverCommandExecutor.java:83)
at org.openqa.selenium.remote.RemoteWebDriver.execute(RemoteWebDriver.java:552)
at org.openqa.selenium.remote.RemoteWebDriver.perform(RemoteWebDriver.java:618)
at org.openqa.selenium.interactions.Actions$BuiltAction.perform(Actions.java:639)
at pages.BasePage.mouseHover(BasePage.java:29)
at pages.HomePage.searchProduct(HomePage.java:49)
at testScripts.AM_Login_001.AM_Login_001(AM_Login_001.java:23)
... Removed 29 stack frames]]>
    </failure>
  </testcase> <!-- AM_Login_001 -->
</testsuite> <!-- Amazon UI Functional Testing  -->
